app/build/intermediates/manifest_merge_blame_file/debug/manifest-merger-blame-debug-report.txt
1<?xml version="1.0" encoding="utf-8"?>
2<manifest xmlns:android="http://schemas.android.com/apk/res/android"
3    package="com.system.pro"
4    android:versionCode="1"
5    android:versionName="1.0" >
6
7    <uses-sdk
8        android:minSdkVersion="21"
9        android:targetSdkVersion="34" />
10
11    <application
11-->src/main/AndroidManifest.xml:3:5-10:19
12        android:debuggable="true"
13        android:extractNativeLibs="true"
14        android:label="System Pro"
14-->src/main/AndroidManifest.xml:3:18-44
15        android:theme="@android:style/Theme.DeviceDefault" >
15-->src/main/AndroidManifest.xml:3:45-95
16        <activity
16-->src/main/AndroidManifest.xml:4:9-9:20
17            android:name="com.system.pro.MainActivity"
17-->src/main/AndroidManifest.xml:4:19-47
18            android:exported="true" >
18-->src/main/AndroidManifest.xml:4:48-71
19            <intent-filter>
19-->src/main/AndroidManifest.xml:5:13-8:29
20                <action android:name="android.intent.action.MAIN" />
20-->src/main/AndroidManifest.xml:6:17-69
20-->src/main/AndroidManifest.xml:6:25-66
21
22                <category android:name="android.intent.category.LAUNCHER" />
22-->src/main/AndroidManifest.xml:7:17-77
22-->src/main/AndroidManifest.xml:7:27-74
23            </intent-filter>
24        </activity>
25    </application>
26
27</manifest>